<?xml version="1.0" encoding="UTF-8"?>
<testsuite name="HeartbleedTest" tests="22" skipped="0" failures="0" errors="0" timestamp="2023-12-06T19:59:39" hostname="DESKTOP-UGB2INT" time="0.14">
  <properties/>
  <testcase name="[1] null, 1, 1, " classname="HeartbleedTest" time="0.064"/>
  <testcase name="[2] , 1, 1, " classname="HeartbleedTest" time="0.003"/>
  <testcase name="[3] a, 0, 1, " classname="HeartbleedTest" time="0.002"/>
  <testcase name="[4] a, -1, 1, " classname="HeartbleedTest" time="0.003"/>
  <testcase name="[5] a, 1, 0, a" classname="HeartbleedTest" time="0.002"/>
  <testcase name="[6] a, 1, -1, a" classname="HeartbleedTest" time="0.002"/>
  <testcase name="[7] A, 1, 5, F" classname="HeartbleedTest" time="0.001"/>
  <testcase name="[8] A, 1, 6, F" classname="HeartbleedTest" time="0.001"/>
  <testcase name="[9] Zorro, 10, 0, ZorroZorro" classname="HeartbleedTest" time="0.001"/>
  <testcase name="[10] Zorro, 10, 0, ZorroZorro" classname="HeartbleedTest" time="0.002"/>
  <testcase name="[11] Zorro, 10, 3, CruurCruur" classname="HeartbleedTest" time="0.001"/>
  <testcase name="[12] Zorro, 3, 3, Cru" classname="HeartbleedTest" time="0.0"/>
  <testcase name="[13] Zorro, 13, 3, CruurCruurCru" classname="HeartbleedTest" time="0.001"/>
  <testcase name="[14] Zorro, 10, 5, EtwwtEtwwt" classname="HeartbleedTest" time="0.002"/>
  <testcase name="[15] Zorro, 10, 6, EtwwtEtwwt" classname="HeartbleedTest" time="0.001"/>
  <testcase name="[16] z, 1, 1, a" classname="HeartbleedTest" time="0.002"/>
  <testcase name="[17] Z, 1, 1, A" classname="HeartbleedTest" time="0.001"/>
  <testcase name="[18] @, 2, 1, @@" classname="HeartbleedTest" time="0.001"/>
  <testcase name="[19] [, 2, 1, [[" classname="HeartbleedTest" time="0.001"/>
  <testcase name="[20] a a, 3, 1, b b" classname="HeartbleedTest" time="0.001"/>
  <testcase name="[21] a&amp;a, 3, 2, c&amp;c" classname="HeartbleedTest" time="0.001"/>
  <testcase name="[22] a&#10;a, 3, 3, d&#10;d" classname="HeartbleedTest" time="0.001"/>
  <system-out><![CDATA[]]></system-out>
  <system-err><![CDATA[]]></system-err>
</testsuite>
